# JRE version: Java(TM) SE Runtime Environment (8.0_192-b12) (build 1.8.0_192-b12)
# Java VM: Java HotSpot(TM) 64-Bit Server VM (25.192-b12 mixed mode linux-amd64 compressed oops)
Heap:
 PSYoungGen      total 18432K, used 12580K [0x00000000f8000000, 0x00000000f9300000, 0x0000000100000000)
  eden space 17408K, 72% used [0x00000000f8000000,0x00000000f8c410b8,0x00000000f9100000)
  from space 1024K, 3% used [0x00000000f9100000,0x00000000f9108000,0x00000000f9200000)
  to   space 1024K, 0% used [0x00000000f9200000,0x00000000f9200000,0x00000000f9300000)
 ParOldGen       total 39936K, used 27963K [0x00000000e8000000, 0x00000000ea700000, 0x00000000f8000000)
  object space 39936K, 70% used [0x00000000e8000000,0x00000000e9b4ee90,0x00000000ea700000)
 Metaspace       used 49075K, capacity 50376K, committed 50548K, reserved 1093632K
  class space    used 6654K, capacity 6970K, committed 7028K, reserved 1048576K
GC Heap History (10 events):
Event: 11739,664 GC heap before
{Heap before GC invocations=80 (full 3):
 PSYoungGen      total 18432K, used 17472K [0x00000000f8000000, 0x00000000f9300000, 0x0000000100000000)
  eden space 17408K, 100% used [0x00000000f8000000,0x00000000f9100000,0x00000000f9100000)
  from space 1024K, 6% used [0x00000000f9200000,0x00000000f9210000,0x00000000f9300000)
  to   space 1024K, 0% used [0x00000000f9100000,0x00000000f9100000,0x00000000f9200000)
 ParOldGen       total 39936K, used 27955K [0x00000000e8000000, 0x00000000ea700000, 0x00000000f8000000)
  object space 39936K, 70% used [0x00000000e8000000,0x00000000e9b4ce90,0x00000000ea700000)
 Metaspace       used 49066K, capacity 50312K, committed 50548K, reserved 1093632K
  class space    used 6652K, capacity 6970K, committed 7028K, reserved 1048576K
Event: 11739,676 GC heap after
Heap after GC invocations=80 (full 3):
 PSYoungGen      total 18432K, used 64K [0x00000000f8000000, 0x00000000f9300000, 0x0000000100000000)
  eden space 17408K, 0% used [0x00000000f8000000,0x00000000f8000000,0x00000000f9100000)
  from space 1024K, 6% used [0x00000000f9100000,0x00000000f9110000,0x00000000f9200000)
  to   space 1024K, 0% used [0x00000000f9200000,0x00000000f9200000,0x00000000f9300000)
 ParOldGen       total 39936K, used 27955K [0x00000000e8000000, 0x00000000ea700000, 0x00000000f8000000)
  object space 39936K, 70% used [0x00000000e8000000,0x00000000e9b4ce90,0x00000000ea700000)
 Metaspace       used 49066K, capacity 50312K, committed 50548K, reserved 1093632K
  class space    used 6652K, capacity 6970K, committed 7028K, reserved 1048576K
}
Event: 11892,197 GC heap before
{Heap before GC invocations=81 (full 3):
 PSYoungGen      total 18432K, used 17472K [0x00000000f8000000, 0x00000000f9300000, 0x0000000100000000)
  eden space 17408K, 100% used [0x00000000f8000000,0x00000000f9100000,0x00000000f9100000)
  from space 1024K, 6% used [0x00000000f9100000,0x00000000f9110000,0x00000000f9200000)
  to   space 1024K, 0% used [0x00000000f9200000,0x00000000f9200000,0x00000000f9300000)
 ParOldGen       total 39936K, used 27955K [0x00000000e8000000, 0x00000000ea700000, 0x00000000f8000000)
  object space 39936K, 70% used [0x00000000e8000000,0x00000000e9b4ce90,0x00000000ea700000)
 Metaspace       used 49066K, capacity 50312K, committed 50548K, reserved 1093632K
  class space    used 6652K, capacity 6970K, committed 7028K, reserved 1048576K
Event: 11892,205 GC heap after
Heap after GC invocations=81 (full 3):
 PSYoungGen      total 18432K, used 32K [0x00000000f8000000, 0x00000000f9300000, 0x0000000100000000)
  eden space 17408K, 0% used [0x00000000f8000000,0x00000000f8000000,0x00000000f9100000)
  from space 1024K, 3% used [0x00000000f9200000,0x00000000f9208000,0x00000000f9300000)
  to   space 1024K, 0% used [0x00000000f9100000,0x00000000f9100000,0x00000000f9200000)
 ParOldGen       total 39936K, used 27955K [0x00000000e8000000, 0x00000000ea700000, 0x00000000f8000000)
  object space 39936K, 70% used [0x00000000e8000000,0x00000000e9b4ce90,0x00000000ea700000)
 Metaspace       used 49066K, capacity 50312K, committed 50548K, reserved 1093632K
  class space    used 6652K, capacity 6970K, committed 7028K, reserved 1048576K
}
Event: 12044,743 GC heap before
{Heap before GC invocations=82 (full 3):
 PSYoungGen      total 18432K, used 17440K [0x00000000f8000000, 0x00000000f9300000, 0x0000000100000000)
  eden space 17408K, 100% used [0x00000000f8000000,0x00000000f9100000,0x00000000f9100000)
  from space 1024K, 3% used [0x00000000f9200000,0x00000000f9208000,0x00000000f9300000)
  to   space 1024K, 0% used [0x00000000f9100000,0x00000000f9100000,0x00000000f9200000)
 ParOldGen       total 39936K, used 27955K [0x00000000e8000000, 0x00000000ea700000, 0x00000000f8000000)
  object space 39936K, 70% used [0x00000000e8000000,0x00000000e9b4ce90,0x00000000ea700000)
 Metaspace       used 49066K, capacity 50312K, committed 50548K, reserved 1093632K
  class space    used 6652K, capacity 6970K, committed 7028K, reserved 1048576K
Event: 12044,753 GC heap after
Heap after GC invocations=82 (full 3):
 PSYoungGen      total 18432K, used 64K [0x00000000f8000000, 0x00000000f9300000, 0x0000000100000000)
  eden space 17408K, 0% used [0x00000000f8000000,0x00000000f8000000,0x00000000f9100000)
  from space 1024K, 6% used [0x00000000f9100000,0x00000000f9110000,0x00000000f9200000)
  to   space 1024K, 0% used [0x00000000f9200000,0x00000000f9200000,0x00000000f9300000)
 ParOldGen       total 39936K, used 27955K [0x00000000e8000000, 0x00000000ea700000, 0x00000000f8000000)
  object space 39936K, 70% used [0x00000000e8000000,0x00000000e9b4ce90,0x00000000ea700000)
 Metaspace       used 49066K, capacity 50312K, committed 50548K, reserved 1093632K
  class space    used 6652K, capacity 6970K, committed 7028K, reserved 1048576K
}
Event: 12196,845 GC heap before
{Heap before GC invocations=83 (full 3):
 PSYoungGen      total 18432K, used 17472K [0x00000000f8000000, 0x00000000f9300000, 0x0000000100000000)
  eden space 17408K, 100% used [0x00000000f8000000,0x00000000f9100000,0x00000000f9100000)
  from space 1024K, 6% used [0x00000000f9100000,0x00000000f9110000,0x00000000f9200000)
  to   space 1024K, 0% used [0x00000000f9200000,0x00000000f9200000,0x00000000f9300000)
 ParOldGen       total 39936K, used 27955K [0x00000000e8000000, 0x00000000ea700000, 0x00000000f8000000)
  object space 39936K, 70% used [0x00000000e8000000,0x00000000e9b4ce90,0x00000000ea700000)
 Metaspace       used 49066K, capacity 50312K, committed 50548K, reserved 1093632K
  class space    used 6652K, capacity 6970K, committed 7028K, reserved 1048576K
Event: 12196,856 GC heap after
Heap after GC invocations=83 (full 3):
 PSYoungGen      total 18432K, used 64K [0x00000000f8000000, 0x00000000f9300000, 0x0000000100000000)
  eden space 17408K, 0% used [0x00000000f8000000,0x00000000f8000000,0x00000000f9100000)
  from space 1024K, 6% used [0x00000000f9200000,0x00000000f9210000,0x00000000f9300000)
  to   space 1024K, 0% used [0x00000000f9100000,0x00000000f9100000,0x00000000f9200000)
 ParOldGen       total 39936K, used 27955K [0x00000000e8000000, 0x00000000ea700000, 0x00000000f8000000)
  object space 39936K, 70% used [0x00000000e8000000,0x00000000e9b4ce90,0x00000000ea700000)
 Metaspace       used 49066K, capacity 50312K, committed 50548K, reserved 1093632K
  class space    used 6652K, capacity 6970K, committed 7028K, reserved 1048576K
}
Event: 12348,931 GC heap before
{Heap before GC invocations=84 (full 3):
 PSYoungGen      total 18432K, used 17472K [0x00000000f8000000, 0x00000000f9300000, 0x0000000100000000)
  eden space 17408K, 100% used [0x00000000f8000000,0x00000000f9100000,0x00000000f9100000)
  from space 1024K, 6% used [0x00000000f9200000,0x00000000f9210000,0x00000000f9300000)
  to   space 1024K, 0% used [0x00000000f9100000,0x00000000f9100000,0x00000000f9200000)
 ParOldGen       total 39936K, used 27955K [0x00000000e8000000, 0x00000000ea700000, 0x00000000f8000000)
  object space 39936K, 70% used [0x00000000e8000000,0x00000000e9b4ce90,0x00000000ea700000)
 Metaspace       used 49066K, capacity 50312K, committed 50548K, reserved 1093632K
  class space    used 6652K, capacity 6970K, committed 7028K, reserved 1048576K
Event: 12348,940 GC heap after
Heap after GC invocations=84 (full 3):
 PSYoungGen      total 18432K, used 32K [0x00000000f8000000, 0x00000000f9300000, 0x0000000100000000)
  eden space 17408K, 0% used [0x00000000f8000000,0x00000000f8000000,0x00000000f9100000)
  from space 1024K, 3% used [0x00000000f9100000,0x00000000f9108000,0x00000000f9200000)
  to   space 1024K, 0% used [0x00000000f9200000,0x00000000f9200000,0x00000000f9300000)
 ParOldGen       total 39936K, used 27963K [0x00000000e8000000, 0x00000000ea700000, 0x00000000f8000000)
  object space 39936K, 70% used [0x00000000e8000000,0x00000000e9b4ee90,0x00000000ea700000)
 Metaspace       used 49066K, capacity 50312K, committed 50548K, reserved 1093632K
  class space    used 6652K, capacity 6970K, committed 7028K, reserved 1048576K
}

