# JRE version: Java(TM) SE Runtime Environment (8.0_192-b12) (build 1.8.0_192-b12)
# Java VM: Java HotSpot(TM) 64-Bit Server VM (25.192-b12 mixed mode linux-amd64 compressed oops)
Heap:
 PSYoungGen      total 25088K, used 4555K [0x00000000f8000000, 0x00000000f9f80000, 0x0000000100000000)
  eden space 18944K, 23% used [0x00000000f8000000,0x00000000f845aec8,0x00000000f9280000)
  from space 6144K, 1% used [0x00000000f9900000,0x00000000f9918000,0x00000000f9f00000)
  to   space 6656K, 0% used [0x00000000f9280000,0x00000000f9280000,0x00000000f9900000)
 ParOldGen       total 38912K, used 35221K [0x00000000e8000000, 0x00000000ea600000, 0x00000000f8000000)
  object space 38912K, 90% used [0x00000000e8000000,0x00000000ea2655d8,0x00000000ea600000)
 Metaspace       used 51536K, capacity 52848K, committed 53108K, reserved 1095680K
  class space    used 6884K, capacity 7208K, committed 7284K, reserved 1048576K
GC Heap History (10 events):
Event: 3611,045 GC heap before
{Heap before GC invocations=53 (full 3):
 PSYoungGen      total 25600K, used 25450K [0x00000000f8000000, 0x00000000fa100000, 0x0000000100000000)
  eden space 21504K, 100% used [0x00000000f8000000,0x00000000f9500000,0x00000000f9500000)
  from space 4096K, 96% used [0x00000000f9580000,0x00000000f995a990,0x00000000f9980000)
  to   space 6144K, 0% used [0x00000000f9b00000,0x00000000f9b00000,0x00000000fa100000)
 ParOldGen       total 38912K, used 31318K [0x00000000e8000000, 0x00000000ea600000, 0x00000000f8000000)
  object space 38912K, 80% used [0x00000000e8000000,0x00000000e9e95bc8,0x00000000ea600000)
 Metaspace       used 51523K, capacity 52784K, committed 53108K, reserved 1095680K
  class space    used 6883K, capacity 7208K, committed 7284K, reserved 1048576K
Event: 3611,238 GC heap after
Heap after GC invocations=53 (full 3):
 PSYoungGen      total 25600K, used 3786K [0x00000000f8000000, 0x00000000f9f80000, 0x0000000100000000)
  eden space 20992K, 0% used [0x00000000f8000000,0x00000000f8000000,0x00000000f9480000)
  from space 4608K, 82% used [0x00000000f9b00000,0x00000000f9eb2990,0x00000000f9f80000)
  to   space 5632K, 0% used [0x00000000f9480000,0x00000000f9480000,0x00000000f9a00000)
 ParOldGen       total 38912K, used 31523K [0x00000000e8000000, 0x00000000ea600000, 0x00000000f8000000)
  object space 38912K, 81% used [0x00000000e8000000,0x00000000e9ec8c48,0x00000000ea600000)
 Metaspace       used 51523K, capacity 52784K, committed 53108K, reserved 1095680K
  class space    used 6883K, capacity 7208K, committed 7284K, reserved 1048576K
}
Event: 3775,365 GC heap before
{Heap before GC invocations=54 (full 3):
 PSYoungGen      total 25600K, used 24778K [0x00000000f8000000, 0x00000000f9f80000, 0x0000000100000000)
  eden space 20992K, 100% used [0x00000000f8000000,0x00000000f9480000,0x00000000f9480000)
  from space 4608K, 82% used [0x00000000f9b00000,0x00000000f9eb2990,0x00000000f9f80000)
  to   space 5632K, 0% used [0x00000000f9480000,0x00000000f9480000,0x00000000f9a00000)
 ParOldGen       total 38912K, used 31523K [0x00000000e8000000, 0x00000000ea600000, 0x00000000f8000000)
  object space 38912K, 81% used [0x00000000e8000000,0x00000000e9ec8c48,0x00000000ea600000)
 Metaspace       used 51523K, capacity 52784K, committed 53108K, reserved 1095680K
  class space    used 6883K, capacity 7208K, committed 7284K, reserved 1048576K
Event: 3775,485 GC heap after
Heap after GC invocations=54 (full 3):
 PSYoungGen      total 24064K, used 3530K [0x00000000f8000000, 0x00000000f9f00000, 0x0000000100000000)
  eden space 20480K, 0% used [0x00000000f8000000,0x00000000f8000000,0x00000000f9400000)
  from space 3584K, 98% used [0x00000000f9480000,0x00000000f97f2990,0x00000000f9800000)
  to   space 5632K, 0% used [0x00000000f9980000,0x00000000f9980000,0x00000000f9f00000)
 ParOldGen       total 38912K, used 31747K [0x00000000e8000000, 0x00000000ea600000, 0x00000000f8000000)
  object space 38912K, 81% used [0x00000000e8000000,0x00000000e9f00c48,0x00000000ea600000)
 Metaspace       used 51523K, capacity 52784K, committed 53108K, reserved 1095680K
  class space    used 6883K, capacity 7208K, committed 7284K, reserved 1048576K
}
Event: 3934,605 GC heap before
{Heap before GC invocations=55 (full 3):
 PSYoungGen      total 24064K, used 24010K [0x00000000f8000000, 0x00000000f9f00000, 0x0000000100000000)
  eden space 20480K, 100% used [0x00000000f8000000,0x00000000f9400000,0x00000000f9400000)
  from space 3584K, 98% used [0x00000000f9480000,0x00000000f97f2990,0x00000000f9800000)
  to   space 5632K, 0% used [0x00000000f9980000,0x00000000f9980000,0x00000000f9f00000)
 ParOldGen       total 38912K, used 31747K [0x00000000e8000000, 0x00000000ea600000, 0x00000000f8000000)
  object space 38912K, 81% used [0x00000000e8000000,0x00000000e9f00c48,0x00000000ea600000)
 Metaspace       used 51524K, capacity 52784K, committed 53108K, reserved 1095680K
  class space    used 6883K, capacity 7208K, committed 7284K, reserved 1048576K
Event: 3934,625 GC heap after
Heap after GC invocations=55 (full 3):
 PSYoungGen      total 25088K, used 3434K [0x00000000f8000000, 0x00000000f9e80000, 0x0000000100000000)
  eden space 19968K, 0% used [0x00000000f8000000,0x00000000f8000000,0x00000000f9380000)
  from space 5120K, 67% used [0x00000000f9980000,0x00000000f9cda990,0x00000000f9e80000)
  to   space 5632K, 0% used [0x00000000f9380000,0x00000000f9380000,0x00000000f9900000)
 ParOldGen       total 38912K, used 35133K [0x00000000e8000000, 0x00000000ea600000, 0x00000000f8000000)
  object space 38912K, 90% used [0x00000000e8000000,0x00000000ea24f5d8,0x00000000ea600000)
 Metaspace       used 51524K, capacity 52784K, committed 53108K, reserved 1095680K
  class space    used 6883K, capacity 7208K, committed 7284K, reserved 1048576K
}
Event: 4089,636 GC heap before
{Heap before GC invocations=56 (full 3):
 PSYoungGen      total 25088K, used 23402K [0x00000000f8000000, 0x00000000f9e80000, 0x0000000100000000)
  eden space 19968K, 100% used [0x00000000f8000000,0x00000000f9380000,0x00000000f9380000)
  from space 5120K, 67% used [0x00000000f9980000,0x00000000f9cda990,0x00000000f9e80000)
  to   space 5632K, 0% used [0x00000000f9380000,0x00000000f9380000,0x00000000f9900000)
 ParOldGen       total 38912K, used 35133K [0x00000000e8000000, 0x00000000ea600000, 0x00000000f8000000)
  object space 38912K, 90% used [0x00000000e8000000,0x00000000ea24f5d8,0x00000000ea600000)
 Metaspace       used 51524K, capacity 52784K, committed 53108K, reserved 1095680K
  class space    used 6883K, capacity 7208K, committed 7284K, reserved 1048576K
Event: 4089,684 GC heap after
Heap after GC invocations=56 (full 3):
 PSYoungGen      total 25088K, used 128K [0x00000000f8000000, 0x00000000f9f00000, 0x0000000100000000)
  eden space 19456K, 0% used [0x00000000f8000000,0x00000000f8000000,0x00000000f9300000)
  from space 5632K, 2% used [0x00000000f9380000,0x00000000f93a0000,0x00000000f9900000)
  to   space 6144K, 0% used [0x00000000f9900000,0x00000000f9900000,0x00000000f9f00000)
 ParOldGen       total 38912K, used 35213K [0x00000000e8000000, 0x00000000ea600000, 0x00000000f8000000)
  object space 38912K, 90% used [0x00000000e8000000,0x00000000ea2635d8,0x00000000ea600000)
 Metaspace       used 51524K, capacity 52784K, committed 53108K, reserved 1095680K
  class space    used 6883K, capacity 7208K, committed 7284K, reserved 1048576K
}
Event: 4238,348 GC heap before
{Heap before GC invocations=57 (full 3):
 PSYoungGen      total 25088K, used 19584K [0x00000000f8000000, 0x00000000f9f00000, 0x0000000100000000)
  eden space 19456K, 100% used [0x00000000f8000000,0x00000000f9300000,0x00000000f9300000)
  from space 5632K, 2% used [0x00000000f9380000,0x00000000f93a0000,0x00000000f9900000)
  to   space 6144K, 0% used [0x00000000f9900000,0x00000000f9900000,0x00000000f9f00000)
 ParOldGen       total 38912K, used 35213K [0x00000000e8000000, 0x00000000ea600000, 0x00000000f8000000)
  object space 38912K, 90% used [0x00000000e8000000,0x00000000ea2635d8,0x00000000ea600000)
 Metaspace       used 51526K, capacity 52784K, committed 53108K, reserved 1095680K
  class space    used 6883K, capacity 7208K, committed 7284K, reserved 1048576K
Event: 4238,354 GC heap after
Heap after GC invocations=57 (full 3):
 PSYoungGen      total 25088K, used 96K [0x00000000f8000000, 0x00000000f9f80000, 0x0000000100000000)
  eden space 18944K, 0% used [0x00000000f8000000,0x00000000f8000000,0x00000000f9280000)
  from space 6144K, 1% used [0x00000000f9900000,0x00000000f9918000,0x00000000f9f00000)
  to   space 6656K, 0% used [0x00000000f9280000,0x00000000f9280000,0x00000000f9900000)
 ParOldGen       total 38912K, used 35221K [0x00000000e8000000, 0x00000000ea600000, 0x00000000f8000000)
  object space 38912K, 90% used [0x00000000e8000000,0x00000000ea2655d8,0x00000000ea600000)
 Metaspace       used 51526K, capacity 52784K, committed 53108K, reserved 1095680K
  class space    used 6883K, capacity 7208K, committed 7284K, reserved 1048576K
}

